Using pre-set license
Built from '2022.3/staging' branch; Version is '2022.3.13f1 (5f90a5ebde0f) revision 6262949'; Using compiler version '192829333'; Build Type 'Release'
OS: 'Windows 11  (10.0.22621) 64bit Core' Language: 'ko' Physical Memory: 15775 MB
BatchMode: 1, IsHumanControllingUs: 0, StartBugReporterOnCrash: 0, Is64bit: 1, IsPro: 1

COMMAND LINE ARGUMENTS:
C:\unity\2022.3.13f1\Editor\Unity.exe
-adb2
-batchMode
-noUpm
-name
AssetImportWorker4
-projectPath
C:/project/unity/action/CloneAndPlus/CloneAndPlus
-logFile
Logs/AssetImportWorker4.log
-srvPort
3839
Successfully changed project path to: C:/project/unity/action/CloneAndPlus/CloneAndPlus
C:/project/unity/action/CloneAndPlus/CloneAndPlus
[UnityMemory] Configuration Parameters - Can be set up in boot.config
    "memorysetup-bucket-allocator-granularity=16"
    "memorysetup-bucket-allocator-bucket-count=8"
    "memorysetup-bucket-allocator-block-size=33554432"
    "memorysetup-bucket-allocator-block-count=8"
    "memorysetup-main-allocator-block-size=16777216"
    "memorysetup-thread-allocator-block-size=16777216"
    "memorysetup-gfx-main-allocator-block-size=16777216"
    "memorysetup-gfx-thread-allocator-block-size=16777216"
    "memorysetup-cache-allocator-block-size=4194304"
    "memorysetup-typetree-allocator-block-size=2097152"
    "memorysetup-profiler-bucket-allocator-granularity=16"
    "memorysetup-profiler-bucket-allocator-bucket-count=8"
    "memorysetup-profiler-bucket-allocator-block-size=33554432"
    "memorysetup-profiler-bucket-allocator-block-count=8"
    "memorysetup-profiler-allocator-block-size=16777216"
    "memorysetup-profiler-editor-allocator-block-size=1048576"
    "memorysetup-temp-allocator-size-main=16777216"
    "memorysetup-job-temp-allocator-block-size=2097152"
    "memorysetup-job-temp-allocator-block-size-background=1048576"
    "memorysetup-job-temp-allocator-reduction-small-platforms=262144"
    "memorysetup-allocator-temp-initial-block-size-main=262144"
    "memorysetup-allocator-temp-initial-block-size-worker=262144"
    "memorysetup-temp-allocator-size-background-worker=32768"
    "memorysetup-temp-allocator-size-job-worker=262144"
    "memorysetup-temp-allocator-size-preload-manager=33554432"
    "memorysetup-temp-allocator-size-nav-mesh-worker=65536"
    "memorysetup-temp-allocator-size-audio-worker=65536"
    "memorysetup-temp-allocator-size-cloud-worker=32768"
    "memorysetup-temp-allocator-size-gi-baking-worker=262144"
    "memorysetup-temp-allocator-size-gfx=262144"
Player connection [7572] Host "[IP] 192.168.45.43 [Port] 0 [Flags] 2 [Guid] 4027970436 [EditorId] 4027970436 [Version] 1048832 [Id] WindowsEditor(7,YG) [Debug] 1 [PackageName] WindowsEditor [ProjectName] Editor" joined multi-casting on [225.0.0.222:54997]...

Player connection [7572] Host "[IP] 192.168.45.43 [Port] 0 [Flags] 2 [Guid] 4027970436 [EditorId] 4027970436 [Version] 1048832 [Id] WindowsEditor(7,YG) [Debug] 1 [PackageName] WindowsEditor [ProjectName] Editor" joined alternative multi-casting on [225.0.0.222:34997]...

[Physics::Module] Initialized MultithreadedJobDispatcher with 15 workers.
Refreshing native plugins compatible for Editor in 16.81 ms, found 3 plugins.
Preloading 0 native plugins for Editor in 0.00 ms.
Initialize engine version: 2022.3.13f1 (5f90a5ebde0f)
[Subsystems] Discovering subsystems at path C:/unity/2022.3.13f1/Editor/Data/Resources/UnitySubsystems
[Subsystems] Discovering subsystems at path C:/project/unity/action/CloneAndPlus/CloneAndPlus/Assets
GfxDevice: creating device client; threaded=0; jobified=0
Direct3D:
    Version:  Direct3D 11.0 [level 11.1]
    Renderer: NVIDIA GeForce RTX 3050 Laptop GPU (ID=0x25a2)
    Vendor:   NVIDIA
    VRAM:     3991 MB
    Driver:   30.0.15.1169
Initialize mono
Mono path[0] = 'C:/unity/2022.3.13f1/Editor/Data/Managed'
Mono path[1] = 'C:/unity/2022.3.13f1/Editor/Data/MonoBleedingEdge/lib/mono/unityjit-win32'
Mono config path = 'C:/unity/2022.3.13f1/Editor/Data/MonoBleedingEdge/etc'
Using monoOptions --debugger-agent=transport=dt_socket,embedding=1,server=y,suspend=n,address=127.0.0.1:56076
Begin MonoManager ReloadAssembly
Registering precompiled unity dll's ...
Register platform support module: C:/unity/2022.3.13f1/Editor/Data/PlaybackEngines/WebGLSupport/UnityEditor.WebGL.Extensions.dll
Register platform support module: C:/unity/2022.3.13f1/Editor/Data/PlaybackEngines/WindowsStandaloneSupport/UnityEditor.WindowsStandalone.Extensions.dll
Registered in 0.007894 seconds.
- Loaded All Assemblies, in  0.308 seconds
Native extension for WindowsStandalone target not found
Native extension for WebGL target not found
Mono: successfully reloaded assembly
- Finished resetting the current domain, in  0.221 seconds
Domain Reload Profiling: 526ms
	BeginReloadAssembly (103ms)
		ExecutionOrderSort (0ms)
		DisableScriptedObjects (0ms)
		BackupInstance (0ms)
		ReleaseScriptingObjects (0ms)
		CreateAndSetChildDomain (1ms)
	RebuildCommonClasses (28ms)
	RebuildNativeTypeToScriptingClass (8ms)
	initialDomainReloadingComplete (57ms)
	LoadAllAssembliesAndSetupDomain (108ms)
		LoadAssemblies (101ms)
		RebuildTransferFunctionScriptingTraits (0ms)
		AnalyzeDomain (106ms)
			TypeCache.Refresh (105ms)
				TypeCache.ScanAssembly (94ms)
			ScanForSourceGeneratedMonoScriptInfo (0ms)
			ResolveRequiredComponents (0ms)
	FinalizeReload (222ms)
		ReleaseScriptCaches (0ms)
		RebuildScriptCaches (0ms)
		SetupLoadedEditorAssemblies (172ms)
			LogAssemblyErrors (0ms)
			InitializePlatformSupportModulesInManaged (8ms)
			SetLoadedEditorAssemblies (4ms)
			RefreshPlugins (0ms)
			BeforeProcessingInitializeOnLoad (2ms)
			ProcessInitializeOnLoadAttributes (111ms)
			ProcessInitializeOnLoadMethodAttributes (46ms)
			AfterProcessingInitializeOnLoad (0ms)
			EditorAssembliesLoaded (0ms)
		ExecutionOrderSort2 (0ms)
		AwakeInstancesAfterBackupRestoration (0ms)
========================================================================
Worker process is ready to serve import requests
Begin MonoManager ReloadAssembly
- Loaded All Assemblies, in  0.584 seconds
Refreshing native plugins compatible for Editor in 4.05 ms, found 3 plugins.
Native extension for WindowsStandalone target not found
Native extension for WebGL target not found
Package Manager log level set to [2]
[Package Manager] Server::EnsureServerProcessIsRunning -- launch failed, reason: Unity was launched with the -noUpm command-line argument
[Package Manager] UpmClient::Send -- Unable to send message (not connected to UPM process).
[Package Manager] Cannot connect to Unity Package Manager local server
Mono: successfully reloaded assembly
- Finished resetting the current domain, in  0.518 seconds
Domain Reload Profiling: 1098ms
	BeginReloadAssembly (145ms)
		ExecutionOrderSort (0ms)
		DisableScriptedObjects (5ms)
		BackupInstance (0ms)
		ReleaseScriptingObjects (0ms)
		CreateAndSetChildDomain (23ms)
	RebuildCommonClasses (29ms)
	RebuildNativeTypeToScriptingClass (8ms)
	initialDomainReloadingComplete (39ms)
	LoadAllAssembliesAndSetupDomain (358ms)
		LoadAssemblies (289ms)
		RebuildTransferFunctionScriptingTraits (0ms)
		AnalyzeDomain (155ms)
			TypeCache.Refresh (138ms)
				TypeCache.ScanAssembly (122ms)
			ScanForSourceGeneratedMonoScriptInfo (12ms)
			ResolveRequiredComponents (3ms)
	FinalizeReload (518ms)
		ReleaseScriptCaches (0ms)
		RebuildScriptCaches (0ms)
		SetupLoadedEditorAssemblies (373ms)
			LogAssemblyErrors (0ms)
			InitializePlatformSupportModulesInManaged (9ms)
			SetLoadedEditorAssemblies (4ms)
			RefreshPlugins (0ms)
			BeforeProcessingInitializeOnLoad (63ms)
			ProcessInitializeOnLoadAttributes (268ms)
			ProcessInitializeOnLoadMethodAttributes (19ms)
			AfterProcessingInitializeOnLoad (10ms)
			EditorAssembliesLoaded (0ms)
		ExecutionOrderSort2 (0ms)
		AwakeInstancesAfterBackupRestoration (14ms)
Launched and connected shader compiler UnityShaderCompiler.exe after 0.07 seconds
Refreshing native plugins compatible for Editor in 6.12 ms, found 3 plugins.
Preloading 0 native plugins for Editor in 0.00 ms.
Unloading 3120 Unused Serialized files (Serialized files now loaded: 0)
Unloading 35 unused Assets / (56.7 KB). Loaded Objects now: 3581.
Memory consumption went from 122.9 MB to 122.9 MB.
Total: 2.803800 ms (FindLiveObjects: 0.245700 ms CreateObjectMapping: 0.098000 ms MarkObjects: 2.347300 ms  DeleteObjects: 0.111400 ms)

AssetImportParameters requested are different than current active one (requested -> active):
  custom:container-demuxer-ogg: 62fdf1f143b41e24485cea50d1cbac27 -> 
  custom:video-codec-MediaFoundation-h265: 746d11721c4dcdbdad8f713fa42b33f4 -> 
  custom:video-decoder-ogg-theora: a1e56fd34408186e4bbccfd4996cb3dc -> 
  custom:framework-win-MediaFoundation: 216162199b28c13a410421893ffa2e32 -> 
  custom:CustomObjectIndexerAttribute: 756ad292c208cfabdd7b50bc23989ffe -> 
  custom:container-demuxer-webm: 4f35f7cbe854078d1ac9338744f61a02 -> 
  custom:container-muxer-webm: aa71ff27fc2769a1b78a27578f13a17b -> 
  custom:video-decoder-webm-vp8: 9c59270c3fd7afecdb556c50c9e8de78 -> 
  custom:SearchIndexIgnoredProperties: e643bd26f0fe6173181afceb89e7c659 -> 
  custom:AudioImporter_EditorPlatform: d09bf68614088b80899f8185d706f6e7 -> 
  custom:video-encoder-webm-vp8: eb34c28f22e8b96e1ab97ce403110664 -> 
  custom:audio-decoder-ogg-vorbis: bf7c407c2cedff20999df2af8eb42d56 -> 
  custom:audio-encoder-webm-vorbis: bf7c407c2cedff20999df2af8eb42d56 -> 
========================================================================
Received Import Request.
  Time since last request: 9084.306220 seconds.
  path: Assets/New Folder
  artifactKey: Guid(b24617b852425f14ab4ffbb262077bf5) Importer(815301076,1909f56bfc062723c751e8b465ee728b)
Start importing Assets/New Folder using Guid(b24617b852425f14ab4ffbb262077bf5) Importer(815301076,1909f56bfc062723c751e8b465ee728b)  -> (artifact id: '6458d45871d2d1f22b37bb09ca5b318d') in 0.003339 seconds
Number of updated asset objects reloaded before import = 0
Number of asset objects unloaded after import = 0
========================================================================
Received Import Request.
  Time since last request: 1.142487 seconds.
  path: Assets/Prefabs
  artifactKey: Guid(b24617b852425f14ab4ffbb262077bf5) Importer(815301076,1909f56bfc062723c751e8b465ee728b)
Start importing Assets/Prefabs using Guid(b24617b852425f14ab4ffbb262077bf5) Importer(815301076,1909f56bfc062723c751e8b465ee728b)  -> (artifact id: '73410d2828d50d905d3a60c5f30fa00a') in 0.000562 seconds
Number of updated asset objects reloaded before import = 0
Number of asset objects unloaded after import = 0
========================================================================
Received Import Request.
  Time since last request: 9.863042 seconds.
  path: Assets/Animation
  artifactKey: Guid(87e3162ded208e64eba6c27b57e15f38) Importer(815301076,1909f56bfc062723c751e8b465ee728b)
Start importing Assets/Animation using Guid(87e3162ded208e64eba6c27b57e15f38) Importer(815301076,1909f56bfc062723c751e8b465ee728b)  -> (artifact id: '62a8aa595af163dd820d204be24130d8') in 0.000495 seconds
Number of updated asset objects reloaded before import = 0
Number of asset objects unloaded after import = 0
========================================================================
Received Import Request.
  Time since last request: 24.856205 seconds.
  path: Assets/Scripts/Player.cs
  artifactKey: Guid(ed8d32868f4914a4394d6785c1546fad) Importer(815301076,1909f56bfc062723c751e8b465ee728b)
Start importing Assets/Scripts/Player.cs using Guid(ed8d32868f4914a4394d6785c1546fad) Importer(815301076,1909f56bfc062723c751e8b465ee728b)  -> (artifact id: '1cf788e2e2e6eac96741a781b592de4d') in 0.000592 seconds
Number of updated asset objects reloaded before import = 0
Number of asset objects unloaded after import = 0
========================================================================
Received Prepare
Begin MonoManager ReloadAssembly
- Loaded All Assemblies, in  0.590 seconds
Refreshing native plugins compatible for Editor in 6.43 ms, found 3 plugins.
Native extension for WindowsStandalone target not found
Native extension for WebGL target not found
[Package Manager] Server::EnsureServerProcessIsRunning -- launch failed, reason: Unity was launched with the -noUpm command-line argument
[Package Manager] UpmClient::Send -- Unable to send message (not connected to UPM process).
[Package Manager] Cannot connect to Unity Package Manager local server
Mono: successfully reloaded assembly
- Finished resetting the current domain, in  1.407 seconds
Domain Reload Profiling: 1992ms
	BeginReloadAssembly (194ms)
		ExecutionOrderSort (0ms)
		DisableScriptedObjects (5ms)
		BackupInstance (0ms)
		ReleaseScriptingObjects (0ms)
		CreateAndSetChildDomain (46ms)
	RebuildCommonClasses (40ms)
	RebuildNativeTypeToScriptingClass (11ms)
	initialDomainReloadingComplete (45ms)
	LoadAllAssembliesAndSetupDomain (294ms)
		LoadAssemblies (372ms)
		RebuildTransferFunctionScriptingTraits (0ms)
		AnalyzeDomain (29ms)
			TypeCache.Refresh (12ms)
				TypeCache.ScanAssembly (0ms)
			ScanForSourceGeneratedMonoScriptInfo (11ms)
			ResolveRequiredComponents (4ms)
	FinalizeReload (1408ms)
		ReleaseScriptCaches (0ms)
		RebuildScriptCaches (0ms)
		SetupLoadedEditorAssemblies (490ms)
			LogAssemblyErrors (0ms)
			InitializePlatformSupportModulesInManaged (11ms)
			SetLoadedEditorAssemblies (6ms)
			RefreshPlugins (0ms)
			BeforeProcessingInitializeOnLoad (110ms)
			ProcessInitializeOnLoadAttributes (320ms)
			ProcessInitializeOnLoadMethodAttributes (30ms)
			AfterProcessingInitializeOnLoad (12ms)
			EditorAssembliesLoaded (0ms)
		ExecutionOrderSort2 (0ms)
		AwakeInstancesAfterBackupRestoration (17ms)
Refreshing native plugins compatible for Editor in 4.51 ms, found 3 plugins.
Preloading 0 native plugins for Editor in 0.00 ms.
Unloading 3113 Unused Serialized files (Serialized files now loaded: 0)
Unloading 26 unused Assets / (31.1 KB). Loaded Objects now: 3585.
Memory consumption went from 123.7 MB to 123.6 MB.
Total: 2.692400 ms (FindLiveObjects: 0.243000 ms CreateObjectMapping: 0.098800 ms MarkObjects: 2.297100 ms  DeleteObjects: 0.052700 ms)

Prepare: number of updated asset objects reloaded= 0
AssetImportParameters requested are different than current active one (requested -> active):
  custom:container-demuxer-ogg: 62fdf1f143b41e24485cea50d1cbac27 -> 
  custom:video-codec-MediaFoundation-h265: 746d11721c4dcdbdad8f713fa42b33f4 -> 
  custom:video-decoder-ogg-theora: a1e56fd34408186e4bbccfd4996cb3dc -> 
  custom:framework-win-MediaFoundation: 216162199b28c13a410421893ffa2e32 -> 
  custom:CustomObjectIndexerAttribute: 756ad292c208cfabdd7b50bc23989ffe -> 
  custom:container-demuxer-webm: 4f35f7cbe854078d1ac9338744f61a02 -> 
  custom:container-muxer-webm: aa71ff27fc2769a1b78a27578f13a17b -> 
  custom:video-decoder-webm-vp8: 9c59270c3fd7afecdb556c50c9e8de78 -> 
  custom:SearchIndexIgnoredProperties: e643bd26f0fe6173181afceb89e7c659 -> 
  custom:AudioImporter_EditorPlatform: d09bf68614088b80899f8185d706f6e7 -> 
  custom:video-encoder-webm-vp8: eb34c28f22e8b96e1ab97ce403110664 -> 
  custom:audio-decoder-ogg-vorbis: bf7c407c2cedff20999df2af8eb42d56 -> 
  custom:audio-encoder-webm-vorbis: bf7c407c2cedff20999df2af8eb42d56 -> 
========================================================================
Received Import Request.
  Time since last request: 234.477499 seconds.
  path: Assets/Materials/Floor.mat
  artifactKey: Guid(8125ccb7cff2ea942a9ef83d69beb722) Importer(2089858483,0ecaa5967403d082aa24f35e1b516d23)
Start importing Assets/Materials/Floor.mat using Guid(8125ccb7cff2ea942a9ef83d69beb722) Importer(2089858483,0ecaa5967403d082aa24f35e1b516d23) Generated GUIDs only implemented for interfaces!
 -> (artifact id: '11b96b58d51ba5253ef5f17c690b6a5d') in 0.260274 seconds
Number of updated asset objects reloaded before import = 0
Number of asset objects unloaded after import = 2
========================================================================
Received Import Request.
  Time since last request: 0.000043 seconds.
  path: Assets/QuarterView 3D Action BE5/Prefabs/Enemy C.prefab
  artifactKey: Guid(06d503bba93001142b96e3510906db62) Importer(2089858483,0ecaa5967403d082aa24f35e1b516d23)
Start importing Assets/QuarterView 3D Action BE5/Prefabs/Enemy C.prefab using Guid(06d503bba93001142b96e3510906db62) Importer(2089858483,0ecaa5967403d082aa24f35e1b516d23) Generated GUIDs only implemented for interfaces!
 -> (artifact id: 'bb7d965a5ac754addfe00dcc83e70652') in 0.048377 seconds
Number of updated asset objects reloaded before import = 0
Number of asset objects unloaded after import = 46
========================================================================
Received Import Request.
  Time since last request: 0.000041 seconds.
  path: Assets/QuarterView 3D Action BE5/Models/Item SubMachinegun.obj
  artifactKey: Guid(1ad176e55baf0174bafd5feb5f88b667) Importer(2089858483,0ecaa5967403d082aa24f35e1b516d23)
Start importing Assets/QuarterView 3D Action BE5/Models/Item SubMachinegun.obj using Guid(1ad176e55baf0174bafd5feb5f88b667) Importer(2089858483,0ecaa5967403d082aa24f35e1b516d23) Generated GUIDs only implemented for interfaces!
 -> (artifact id: 'b755e5c1c1e39ecc7059fe1ea7e326a2') in 0.072343 seconds
Number of updated asset objects reloaded before import = 0
Number of asset objects unloaded after import = 10
========================================================================
Received Import Request.
  Time since last request: 0.000056 seconds.
  path: Assets/QuarterView 3D Action BE5/Sprites/Guage Front.png
  artifactKey: Guid(ab3b7539ba408154db6715ef45708b56) Importer(2089858483,0ecaa5967403d082aa24f35e1b516d23)
Start importing Assets/QuarterView 3D Action BE5/Sprites/Guage Front.png using Guid(ab3b7539ba408154db6715ef45708b56) Importer(2089858483,0ecaa5967403d082aa24f35e1b516d23) Generated GUIDs only implemented for interfaces!
 -> (artifact id: 'c4c1b89124f9a37b9c03846a8fbb7d46') in 0.095523 seconds
Number of updated asset objects reloaded before import = 0
Number of asset objects unloaded after import = 3
========================================================================
Received Import Request.
  Time since last request: 0.000036 seconds.
  path: Assets/QuarterView 3D Action BE5/Sprites/Icon Heart.png
  artifactKey: Guid(3cadcd247345c2649b0e8fbd9ee6e8db) Importer(2089858483,0ecaa5967403d082aa24f35e1b516d23)
Start importing Assets/QuarterView 3D Action BE5/Sprites/Icon Heart.png using Guid(3cadcd247345c2649b0e8fbd9ee6e8db) Importer(2089858483,0ecaa5967403d082aa24f35e1b516d23) Generated GUIDs only implemented for interfaces!
 -> (artifact id: 'd96b15b6ca9710ee743e603fa882d36e') in 0.056917 seconds
Number of updated asset objects reloaded before import = 0
Number of asset objects unloaded after import = 3
========================================================================
Received Import Request.
  Time since last request: 0.000025 seconds.
  path: Assets/QuarterView 3D Action BE5/Particles/Enemy Down.prefab
  artifactKey: Guid(be16a2ead503d12418c1f228fcee2f7c) Importer(2089858483,0ecaa5967403d082aa24f35e1b516d23)
Start importing Assets/QuarterView 3D Action BE5/Particles/Enemy Down.prefab using Guid(be16a2ead503d12418c1f228fcee2f7c) Importer(2089858483,0ecaa5967403d082aa24f35e1b516d23) Generated GUIDs only implemented for interfaces!
 -> (artifact id: 'cfc576328695cfca9560d9b4827598c2') in 0.134122 seconds
Number of updated asset objects reloaded before import = 0
Number of asset objects unloaded after import = 10
========================================================================
Received Import Request.
  Time since last request: 0.000036 seconds.
  path: Assets/QuarterView 3D Action BE5/Textures/Coin Bronze.png
  artifactKey: Guid(3b1769091f98c304bb39610f0f6642c0) Importer(2089858483,0ecaa5967403d082aa24f35e1b516d23)
Start importing Assets/QuarterView 3D Action BE5/Textures/Coin Bronze.png using Guid(3b1769091f98c304bb39610f0f6642c0) Importer(2089858483,0ecaa5967403d082aa24f35e1b516d23) Generated GUIDs only implemented for interfaces!
 -> (artifact id: '5b61209eff5bc78fe1ef72ad128ed5e7') in 0.046935 seconds
Number of updated asset objects reloaded before import = 0
Number of asset objects unloaded after import = 1
========================================================================
Received Import Request.
  Time since last request: 0.000040 seconds.
  path: Assets/QuarterView 3D Action BE5/Sprites/Icon Enemy C.png
  artifactKey: Guid(db84109231a678440817c74d1158239b) Importer(2089858483,0ecaa5967403d082aa24f35e1b516d23)
Start importing Assets/QuarterView 3D Action BE5/Sprites/Icon Enemy C.png using Guid(db84109231a678440817c74d1158239b) Importer(2089858483,0ecaa5967403d082aa24f35e1b516d23) Generated GUIDs only implemented for interfaces!
 -> (artifact id: 'a37438603edf08804a4ccf5b796c21de') in 0.050013 seconds
Number of updated asset objects reloaded before import = 0
Number of asset objects unloaded after import = 3
========================================================================
Received Import Request.
  Time since last request: 0.000028 seconds.
  path: Assets/QuarterView 3D Action BE5/Materials/Boss Rock.mat
  artifactKey: Guid(d4c08a0d5d7031e4faacea739fe5831e) Importer(2089858483,0ecaa5967403d082aa24f35e1b516d23)
Start importing Assets/QuarterView 3D Action BE5/Materials/Boss Rock.mat using Guid(d4c08a0d5d7031e4faacea739fe5831e) Importer(2089858483,0ecaa5967403d082aa24f35e1b516d23) Generated GUIDs only implemented for interfaces!
 -> (artifact id: '492fa3f76e68b6d26f087acaaf82c5db') in 0.030007 seconds
Number of updated asset objects reloaded before import = 0
Number of asset objects unloaded after import = 2
========================================================================
Received Import Request.
  Time since last request: 0.000024 seconds.
  path: Assets/QuarterView 3D Action BE5/Sprites/Icon Stage Mini.png
  artifactKey: Guid(98f841c6ac46d174ca4f358018ab8de0) Importer(2089858483,0ecaa5967403d082aa24f35e1b516d23)
Start importing Assets/QuarterView 3D Action BE5/Sprites/Icon Stage Mini.png using Guid(98f841c6ac46d174ca4f358018ab8de0) Importer(2089858483,0ecaa5967403d082aa24f35e1b516d23) Generated GUIDs only implemented for interfaces!
 -> (artifact id: 'bbfea4adeebb4e71d7a53998534ab113') in 0.054523 seconds
Number of updated asset objects reloaded before import = 0
Number of asset objects unloaded after import = 3
========================================================================
Received Import Request.
  Time since last request: 0.000032 seconds.
  path: Assets/QuarterView 3D Action BE5/Prefabs/Bullet Case.prefab
  artifactKey: Guid(dbf1e72266b94cc4c913b3b6216363d0) Importer(2089858483,0ecaa5967403d082aa24f35e1b516d23)
Start importing Assets/QuarterView 3D Action BE5/Prefabs/Bullet Case.prefab using Guid(dbf1e72266b94cc4c913b3b6216363d0) Importer(2089858483,0ecaa5967403d082aa24f35e1b516d23) Generated GUIDs only implemented for interfaces!
 -> (artifact id: 'fe4ccc8ab606bdc2b73c64ba1a08d206') in 0.051116 seconds
Number of updated asset objects reloaded before import = 0
Number of asset objects unloaded after import = 9
========================================================================
Received Import Request.
  Time since last request: 0.000022 seconds.
  path: Assets/QuarterView 3D Action BE5/Sprites/Icon Weapon SubMachineGun.png
  artifactKey: Guid(744566287c3cef64f9b897280e5d9b1a) Importer(2089858483,0ecaa5967403d082aa24f35e1b516d23)
Start importing Assets/QuarterView 3D Action BE5/Sprites/Icon Weapon SubMachineGun.png using Guid(744566287c3cef64f9b897280e5d9b1a) Importer(2089858483,0ecaa5967403d082aa24f35e1b516d23) Generated GUIDs only implemented for interfaces!
 -> (artifact id: '78e30c416944c61e5f2e00bf39566e7c') in 0.053820 seconds
Number of updated asset objects reloaded before import = 0
Number of asset objects unloaded after import = 3
========================================================================
Received Import Request.
  Time since last request: 0.000038 seconds.
  path: Assets/QuarterView 3D Action BE5/Models/Boss Rock.obj
  artifactKey: Guid(0d22a1c55ff42614eb30ef07a31f71ec) Importer(2089858483,0ecaa5967403d082aa24f35e1b516d23)
Start importing Assets/QuarterView 3D Action BE5/Models/Boss Rock.obj using Guid(0d22a1c55ff42614eb30ef07a31f71ec) Importer(2089858483,0ecaa5967403d082aa24f35e1b516d23) Generated GUIDs only implemented for interfaces!
 -> (artifact id: '3ad02de06346d2fe3a65f3cc55fc3dc8') in 0.041867 seconds
Number of updated asset objects reloaded before import = 0
Number of asset objects unloaded after import = 10
========================================================================
Received Import Request.
  Time since last request: 0.000019 seconds.
  path: Assets/QuarterView 3D Action BE5/Prefabs/Enemy B.prefab
  artifactKey: Guid(4198e2587d1fcca4cb87c16c3cfed34d) Importer(2089858483,0ecaa5967403d082aa24f35e1b516d23)
Start importing Assets/QuarterView 3D Action BE5/Prefabs/Enemy B.prefab using Guid(4198e2587d1fcca4cb87c16c3cfed34d) Importer(2089858483,0ecaa5967403d082aa24f35e1b516d23) Generated GUIDs only implemented for interfaces!
 -> (artifact id: 'fd1ec8f0cd00645b4cbb78224e9e44f2') in 0.039021 seconds
Number of updated asset objects reloaded before import = 0
Number of asset objects unloaded after import = 37
========================================================================
Received Import Request.
  Time since last request: 0.000044 seconds.
  path: Assets/QuarterView 3D Action BE5/Models/Item Grenade.obj
  artifactKey: Guid(16868d4a2ac5ce14591ac8b396599250) Importer(2089858483,0ecaa5967403d082aa24f35e1b516d23)
Start importing Assets/QuarterView 3D Action BE5/Models/Item Grenade.obj using Guid(16868d4a2ac5ce14591ac8b396599250) Importer(2089858483,0ecaa5967403d082aa24f35e1b516d23) Generated GUIDs only implemented for interfaces!
 -> (artifact id: '2092a2e4338b7d83c73ab2cbc8a91e70') in 0.048030 seconds
Number of updated asset objects reloaded before import = 0
Number of asset objects unloaded after import = 10
========================================================================
Received Import Request.
  Time since last request: 0.000023 seconds.
  path: Assets/QuarterView 3D Action BE5/Textures/Weapon HandGun.png
  artifactKey: Guid(cf39d8981b4e7954190666615eb23444) Importer(2089858483,0ecaa5967403d082aa24f35e1b516d23)
Start importing Assets/QuarterView 3D Action BE5/Textures/Weapon HandGun.png using Guid(cf39d8981b4e7954190666615eb23444) Importer(2089858483,0ecaa5967403d082aa24f35e1b516d23) Generated GUIDs only implemented for interfaces!
 -> (artifact id: '2f9d76803d5c844b8a1009089486b1c9') in 0.055958 seconds
Number of updated asset objects reloaded before import = 0
Number of asset objects unloaded after import = 1
========================================================================
Received Import Request.
  Time since last request: 0.000029 seconds.
  path: Assets/QuarterView 3D Action BE5/Textures/Ludo.png
  artifactKey: Guid(6b7da79ebbb98c44fbcaeca8e457a966) Importer(2089858483,0ecaa5967403d082aa24f35e1b516d23)
Start importing Assets/QuarterView 3D Action BE5/Textures/Ludo.png using Guid(6b7da79ebbb98c44fbcaeca8e457a966) Importer(2089858483,0ecaa5967403d082aa24f35e1b516d23) Generated GUIDs only implemented for interfaces!
 -> (artifact id: '43c8704d442933694d84466ae7ccec9c') in 0.057349 seconds
Number of updated asset objects reloaded before import = 0
Number of asset objects unloaded after import = 1
========================================================================
Received Import Request.
  Time since last request: 0.000023 seconds.
  path: Assets/QuarterView 3D Action BE5/Textures/Luna.png
  artifactKey: Guid(b7b98188b70816845b50ec0b7bcaf1e2) Importer(2089858483,0ecaa5967403d082aa24f35e1b516d23)
Start importing Assets/QuarterView 3D Action BE5/Textures/Luna.png using Guid(b7b98188b70816845b50ec0b7bcaf1e2) Importer(2089858483,0ecaa5967403d082aa24f35e1b516d23) Generated GUIDs only implemented for interfaces!
 -> (artifact id: '52ac6a7fa037023fad04a136415a2953') in 0.036105 seconds
Number of updated asset objects reloaded before import = 0
Number of asset objects unloaded after import = 1
========================================================================
Received Import Request.
  Time since last request: 0.000033 seconds.
  path: Assets/QuarterView 3D Action BE5/Textures/Wapon Hammer.png
  artifactKey: Guid(051f2ad9bc946e04fa39d743ab1b38e8) Importer(2089858483,0ecaa5967403d082aa24f35e1b516d23)
Start importing Assets/QuarterView 3D Action BE5/Textures/Wapon Hammer.png using Guid(051f2ad9bc946e04fa39d743ab1b38e8) Importer(2089858483,0ecaa5967403d082aa24f35e1b516d23) Generated GUIDs only implemented for interfaces!
 -> (artifact id: '66ff60f4f6e4b2ffd19f9fe8c209797a') in 0.052233 seconds
Number of updated asset objects reloaded before import = 0
Number of asset objects unloaded after import = 1
========================================================================
Received Import Request.
  Time since last request: 0.000023 seconds.
  path: Assets/QuarterView 3D Action BE5/Sprites/Icon Num1.png
  artifactKey: Guid(202d667d5a7bcf24a842ff4c86dad758) Importer(2089858483,0ecaa5967403d082aa24f35e1b516d23)
Start importing Assets/QuarterView 3D Action BE5/Sprites/Icon Num1.png using Guid(202d667d5a7bcf24a842ff4c86dad758) Importer(2089858483,0ecaa5967403d082aa24f35e1b516d23) Generated GUIDs only implemented for interfaces!
 -> (artifact id: 'b2a54d817a464cda2b8604c13f179052') in 0.047991 seconds
Number of updated asset objects reloaded before import = 0
Number of asset objects unloaded after import = 3
========================================================================
Received Import Request.
  Time since last request: 0.000020 seconds.
  path: Assets/QuarterView 3D Action BE5/Sprites/Icon Weapon HandGun.png
  artifactKey: Guid(3260f72e5b6eec24587b9132cb1ae0a0) Importer(2089858483,0ecaa5967403d082aa24f35e1b516d23)
Start importing Assets/QuarterView 3D Action BE5/Sprites/Icon Weapon HandGun.png using Guid(3260f72e5b6eec24587b9132cb1ae0a0) Importer(2089858483,0ecaa5967403d082aa24f35e1b516d23) Generated GUIDs only implemented for interfaces!
 -> (artifact id: '47c316fae0b7573046fcc180ea9cf082') in 0.053075 seconds
Number of updated asset objects reloaded before import = 0
Number of asset objects unloaded after import = 3
========================================================================
Received Import Request.
  Time since last request: 0.000025 seconds.
  path: Assets/QuarterView 3D Action BE5/Prefabs/Item Ammo.prefab
  artifactKey: Guid(1adf4771a2a84ef4eaaadba340ae7c77) Importer(2089858483,0ecaa5967403d082aa24f35e1b516d23)
Start importing Assets/QuarterView 3D Action BE5/Prefabs/Item Ammo.prefab using Guid(1adf4771a2a84ef4eaaadba340ae7c77) Importer(2089858483,0ecaa5967403d082aa24f35e1b516d23) Generated GUIDs only implemented for interfaces!
 -> (artifact id: '512aeb619a9cdca79060598ad3fad649') in 0.043958 seconds
Number of updated asset objects reloaded before import = 0
Number of asset objects unloaded after import = 9
========================================================================
Received Import Request.
  Time since last request: 0.000038 seconds.
  path: Assets/QuarterView 3D Action BE5/Prefabs/Ludo.prefab
  artifactKey: Guid(cd8e3c00b0f28f0419943b46a579c6fc) Importer(2089858483,0ecaa5967403d082aa24f35e1b516d23)
Start importing Assets/QuarterView 3D Action BE5/Prefabs/Ludo.prefab using Guid(cd8e3c00b0f28f0419943b46a579c6fc) Importer(2089858483,0ecaa5967403d082aa24f35e1b516d23) Generated GUIDs only implemented for interfaces!
 -> (artifact id: '10ad80f5014a4d1920e8be2f35c8d0e9') in 0.039627 seconds
Number of updated asset objects reloaded before import = 0
Number of asset objects unloaded after import = 68
========================================================================
Received Import Request.
  Time since last request: 0.000044 seconds.
  path: Assets/Scenes/SampleScene.unity
  artifactKey: Guid(9fc0d4010bbf28b4594072e72b8655ab) Importer(2089858483,0ecaa5967403d082aa24f35e1b516d23)
Start importing Assets/Scenes/SampleScene.unity using Guid(9fc0d4010bbf28b4594072e72b8655ab) Importer(2089858483,0ecaa5967403d082aa24f35e1b516d23) Generated GUIDs only implemented for interfaces!
 -> (artifact id: 'f371c83572d77bd89c4bf3b193dd4cb3') in 0.015933 seconds
Number of updated asset objects reloaded before import = 0
Number of asset objects unloaded after import = 1
========================================================================
Received Import Request.
  Time since last request: 0.000038 seconds.
  path: Assets/QuarterView 3D Action BE5/Materials/Coin Bronze.mat
  artifactKey: Guid(861050de6f02cec41815636190c34624) Importer(2089858483,0ecaa5967403d082aa24f35e1b516d23)
Start importing Assets/QuarterView 3D Action BE5/Materials/Coin Bronze.mat using Guid(861050de6f02cec41815636190c34624) Importer(2089858483,0ecaa5967403d082aa24f35e1b516d23) Generated GUIDs only implemented for interfaces!
 -> (artifact id: 'bdb200109156439a04286db2a155e674') in 0.033305 seconds
Number of updated asset objects reloaded before import = 0
Number of asset objects unloaded after import = 2
========================================================================
Received Import Request.
  Time since last request: 0.000020 seconds.
  path: Assets/QuarterView 3D Action BE5/Prefabs/Weapon Grenade.prefab
  artifactKey: Guid(10653eccf6b69fd47938a227b4bf3863) Importer(2089858483,0ecaa5967403d082aa24f35e1b516d23)
Start importing Assets/QuarterView 3D Action BE5/Prefabs/Weapon Grenade.prefab using Guid(10653eccf6b69fd47938a227b4bf3863) Importer(2089858483,0ecaa5967403d082aa24f35e1b516d23) Generated GUIDs only implemented for interfaces!
 -> (artifact id: 'c23dea64a9be6ca3152d6bb7f7767153') in 0.031058 seconds
Number of updated asset objects reloaded before import = 0
Number of asset objects unloaded after import = 9
========================================================================
Received Import Request.
  Time since last request: 0.000037 seconds.
  path: Assets/QuarterView 3D Action BE5/Materials/Coin Silver.mat
  artifactKey: Guid(985dd20c386137b49b1edeb864f32d7f) Importer(2089858483,0ecaa5967403d082aa24f35e1b516d23)
Start importing Assets/QuarterView 3D Action BE5/Materials/Coin Silver.mat using Guid(985dd20c386137b49b1edeb864f32d7f) Importer(2089858483,0ecaa5967403d082aa24f35e1b516d23) Generated GUIDs only implemented for interfaces!
 -> (artifact id: '52e6d8c93f1065a89f12e2132d936bfd') in 0.040465 seconds
Number of updated asset objects reloaded before import = 0
Number of asset objects unloaded after import = 2
========================================================================
Received Import Request.
  Time since last request: 0.000052 seconds.
  path: Assets/QuarterView 3D Action BE5/Prefabs/Coin Silver.prefab
  artifactKey: Guid(99cca47ba8d60394e8b16b13b4054a38) Importer(2089858483,0ecaa5967403d082aa24f35e1b516d23)
Start importing Assets/QuarterView 3D Action BE5/Prefabs/Coin Silver.prefab using Guid(99cca47ba8d60394e8b16b13b4054a38) Importer(2089858483,0ecaa5967403d082aa24f35e1b516d23) Generated GUIDs only implemented for interfaces!
 -> (artifact id: 'd88af9987168323ead9496460e0cfdb2') in 0.050275 seconds
Number of updated asset objects reloaded before import = 0
Number of asset objects unloaded after import = 9
========================================================================
Received Import Request.
  Time since last request: 0.000024 seconds.
  path: Assets/QuarterView 3D Action BE5/Sprites/Icon Num3.png
  artifactKey: Guid(0d2f25e7fd882224c8d93d8f0580c63f) Importer(2089858483,0ecaa5967403d082aa24f35e1b516d23)
Start importing Assets/QuarterView 3D Action BE5/Sprites/Icon Num3.png using Guid(0d2f25e7fd882224c8d93d8f0580c63f) Importer(2089858483,0ecaa5967403d082aa24f35e1b516d23) Generated GUIDs only implemented for interfaces!
 -> (artifact id: '00f0ea52c733973288d568f460f57cfa') in 0.046974 seconds
Number of updated asset objects reloaded before import = 0
Number of asset objects unloaded after import = 3
========================================================================
Received Import Request.
  Time since last request: 0.000039 seconds.
  path: Assets/QuarterView 3D Action BE5/Models/Simple Npc Ludo.fbx
  artifactKey: Guid(b2fe663db2d56e8438a4c5c392ab1f67) Importer(2089858483,0ecaa5967403d082aa24f35e1b516d23)
Start importing Assets/QuarterView 3D Action BE5/Models/Simple Npc Ludo.fbx using Guid(b2fe663db2d56e8438a4c5c392ab1f67) Importer(2089858483,0ecaa5967403d082aa24f35e1b516d23) Generated GUIDs only implemented for interfaces!
 -> (artifact id: 'fab2cab5ae335704200ce6c61a68bd43') in 0.065400 seconds
Number of updated asset objects reloaded before import = 0
Number of asset objects unloaded after import = 70
========================================================================
Received Import Request.
  Time since last request: 0.000049 seconds.
  path: Assets/QuarterView 3D Action BE5/Textures/Enemy A.png
  artifactKey: Guid(9a6a65bceac8a8c4195a90a84a4e6459) Importer(2089858483,0ecaa5967403d082aa24f35e1b516d23)
Start importing Assets/QuarterView 3D Action BE5/Textures/Enemy A.png using Guid(9a6a65bceac8a8c4195a90a84a4e6459) Importer(2089858483,0ecaa5967403d082aa24f35e1b516d23) Generated GUIDs only implemented for interfaces!
 -> (artifact id: '91f1863a9d98c12a27de0650ca4162ab') in 0.051579 seconds
Number of updated asset objects reloaded before import = 0
Number of asset objects unloaded after import = 1
========================================================================
Received Import Request.
  Time since last request: 0.000050 seconds.
  path: Assets/QuarterView 3D Action BE5/Sprites/Icon Luna.png
  artifactKey: Guid(9d986f49ce6cd534192f14632e916df7) Importer(2089858483,0ecaa5967403d082aa24f35e1b516d23)
Start importing Assets/QuarterView 3D Action BE5/Sprites/Icon Luna.png using Guid(9d986f49ce6cd534192f14632e916df7) Importer(2089858483,0ecaa5967403d082aa24f35e1b516d23) Generated GUIDs only implemented for interfaces!
 -> (artifact id: '03bead6f4c27bb99675028a2335b5ac1') in 0.060241 seconds
Number of updated asset objects reloaded before import = 0
Number of asset objects unloaded after import = 3
========================================================================
Received Import Request.
  Time since last request: 0.000026 seconds.
  path: Assets/QuarterView 3D Action BE5/Sprites/Icon Num2.png
  artifactKey: Guid(5c882d95cfe4e2f43b8c0a1cdea6e0a5) Importer(2089858483,0ecaa5967403d082aa24f35e1b516d23)
Start importing Assets/QuarterView 3D Action BE5/Sprites/Icon Num2.png using Guid(5c882d95cfe4e2f43b8c0a1cdea6e0a5) Importer(2089858483,0ecaa5967403d082aa24f35e1b516d23) Generated GUIDs only implemented for interfaces!
 -> (artifact id: '4caf3aef5bfee57fe0c55c42b1b88757') in 0.053653 seconds
Number of updated asset objects reloaded before import = 0
Number of asset objects unloaded after import = 3
========================================================================
Received Import Request.
  Time since last request: 0.000019 seconds.
  path: Assets/QuarterView 3D Action BE5/Prefabs/Enemy D.prefab
  artifactKey: Guid(83dab506297948d4d8d34c4fe12431ee) Importer(2089858483,0ecaa5967403d082aa24f35e1b516d23)
Start importing Assets/QuarterView 3D Action BE5/Prefabs/Enemy D.prefab using Guid(83dab506297948d4d8d34c4fe12431ee) Importer(2089858483,0ecaa5967403d082aa24f35e1b516d23) Generated GUIDs only implemented for interfaces!
 -> (artifact id: '19ae39ffbdc851b5564f42442a4551dc') in 0.042638 seconds
Number of updated asset objects reloaded before import = 0
Number of asset objects unloaded after import = 46
========================================================================
Received Import Request.
  Time since last request: 0.000035 seconds.
  path: Assets/QuarterView 3D Action BE5/Sprites/Icon Num4.png
  artifactKey: Guid(3fa2ed196fd9aaf43a8f4ece48a41f44) Importer(2089858483,0ecaa5967403d082aa24f35e1b516d23)
Start importing Assets/QuarterView 3D Action BE5/Sprites/Icon Num4.png using Guid(3fa2ed196fd9aaf43a8f4ece48a41f44) Importer(2089858483,0ecaa5967403d082aa24f35e1b516d23) Generated GUIDs only implemented for interfaces!
 -> (artifact id: '224104ca942ce1e42edefc2b51e289dd') in 0.048628 seconds
Number of updated asset objects reloaded before import = 0
Number of asset objects unloaded after import = 3
========================================================================
Received Import Request.
  Time since last request: 0.000048 seconds.
  path: Assets/QuarterView 3D Action BE5/Prefabs/Weapon Hammer.prefab
  artifactKey: Guid(c2ec4bfd1a6491c49a0c34b8dc3a7639) Importer(2089858483,0ecaa5967403d082aa24f35e1b516d23)
Start importing Assets/QuarterView 3D Action BE5/Prefabs/Weapon Hammer.prefab using Guid(c2ec4bfd1a6491c49a0c34b8dc3a7639) Importer(2089858483,0ecaa5967403d082aa24f35e1b516d23) Generated GUIDs only implemented for interfaces!
 -> (artifact id: 'b662a26806d2e0a56c598646bb78f66f') in 0.036768 seconds
Number of updated asset objects reloaded before import = 0
Number of asset objects unloaded after import = 9
========================================================================
Received Import Request.
  Time since last request: 0.000023 seconds.
  path: Assets/QuarterView 3D Action BE5/Models/Item Heart.obj
  artifactKey: Guid(f2e3ebad01f2bd743994f155d90d178c) Importer(2089858483,0ecaa5967403d082aa24f35e1b516d23)
Start importing Assets/QuarterView 3D Action BE5/Models/Item Heart.obj using Guid(f2e3ebad01f2bd743994f155d90d178c) Importer(2089858483,0ecaa5967403d082aa24f35e1b516d23) Generated GUIDs only implemented for interfaces!
 -> (artifact id: 'd5b47c3308b34e39addf196484b6ac7f') in 0.038924 seconds
Number of updated asset objects reloaded before import = 0
Number of asset objects unloaded after import = 10
========================================================================
Received Import Request.
  Time since last request: 0.000021 seconds.
  path: Assets/QuarterView 3D Action BE5/Sprites/Guage Back.png
  artifactKey: Guid(43335735a8cdb1746b5605815e0a96e5) Importer(2089858483,0ecaa5967403d082aa24f35e1b516d23)
Start importing Assets/QuarterView 3D Action BE5/Sprites/Guage Back.png using Guid(43335735a8cdb1746b5605815e0a96e5) Importer(2089858483,0ecaa5967403d082aa24f35e1b516d23) Generated GUIDs only implemented for interfaces!
 -> (artifact id: '028e9cb5418be81977a8c64c92f81833') in 0.059248 seconds
Number of updated asset objects reloaded before import = 0
Number of asset objects unloaded after import = 3
========================================================================
Received Import Request.
  Time since last request: 0.000031 seconds.
  path: Assets/QuarterView 3D Action BE5/Sprites/Icon Time Mini.png
  artifactKey: Guid(e95dee2852d9b334b89f8fe9bd113319) Importer(2089858483,0ecaa5967403d082aa24f35e1b516d23)
Start importing Assets/QuarterView 3D Action BE5/Sprites/Icon Time Mini.png using Guid(e95dee2852d9b334b89f8fe9bd113319) Importer(2089858483,0ecaa5967403d082aa24f35e1b516d23) Generated GUIDs only implemented for interfaces!
 -> (artifact id: '3a2c612d49b54225a3c6543b221dd6e8') in 0.044981 seconds
Number of updated asset objects reloaded before import = 0
Number of asset objects unloaded after import = 3
========================================================================
Received Import Request.
  Time since last request: 0.000033 seconds.
  path: Assets/QuarterView 3D Action BE5/Models/Simple Enemy A AnimTest.fbx
  artifactKey: Guid(98a47f1cd28823f4b8ab7f52d3d506fb) Importer(2089858483,0ecaa5967403d082aa24f35e1b516d23)
Start importing Assets/QuarterView 3D Action BE5/Models/Simple Enemy A AnimTest.fbx using Guid(98a47f1cd28823f4b8ab7f52d3d506fb) Importer(2089858483,0ecaa5967403d082aa24f35e1b516d23) Generated GUIDs only implemented for interfaces!
 -> (artifact id: '6c384b61badeb5d1b8c61de81d51dbfc') in 0.049229 seconds
Number of updated asset objects reloaded before import = 0
Number of asset objects unloaded after import = 40
========================================================================
Received Import Request.
  Time since last request: 0.000036 seconds.
  path: Assets/QuarterView 3D Action BE5/Sprites/Icon NumL.png
  artifactKey: Guid(9645d9c85921f964db0eabb1de4d11af) Importer(2089858483,0ecaa5967403d082aa24f35e1b516d23)
Start importing Assets/QuarterView 3D Action BE5/Sprites/Icon NumL.png using Guid(9645d9c85921f964db0eabb1de4d11af) Importer(2089858483,0ecaa5967403d082aa24f35e1b516d23) Generated GUIDs only implemented for interfaces!
 -> (artifact id: '25907665f23c92c299e0c9a6dc18d65b') in 0.045982 seconds
Number of updated asset objects reloaded before import = 0
Number of asset objects unloaded after import = 3
========================================================================
Received Import Request.
  Time since last request: 0.000033 seconds.
  path: Assets/QuarterView 3D Action BE5/Materials/Coin Gold.mat
  artifactKey: Guid(9badd50f88a36314a9b72ddf412b424d) Importer(2089858483,0ecaa5967403d082aa24f35e1b516d23)
Start importing Assets/QuarterView 3D Action BE5/Materials/Coin Gold.mat using Guid(9badd50f88a36314a9b72ddf412b424d) Importer(2089858483,0ecaa5967403d082aa24f35e1b516d23) Generated GUIDs only implemented for interfaces!
 -> (artifact id: '43e66b21c2b16820fc0996df21ef6cbf') in 0.039075 seconds
Number of updated asset objects reloaded before import = 0
Number of asset objects unloaded after import = 2
========================================================================
Received Import Request.
  Time since last request: 0.000061 seconds.
  path: Assets/QuarterView 3D Action BE5/Models/BulletCase.obj
  artifactKey: Guid(a29a27ab3d71520419675144b66e697d) Importer(2089858483,0ecaa5967403d082aa24f35e1b516d23)
Start importing Assets/QuarterView 3D Action BE5/Models/BulletCase.obj using Guid(a29a27ab3d71520419675144b66e697d) Importer(2089858483,0ecaa5967403d082aa24f35e1b516d23) Generated GUIDs only implemented for interfaces!
 -> (artifact id: 'dcb85b58fa033efade5bb4f35a94fdb8') in 0.038519 seconds
Number of updated asset objects reloaded before import = 0
Number of asset objects unloaded after import = 10
========================================================================
Received Import Request.
  Time since last request: 0.000025 seconds.
  path: Assets/QuarterView 3D Action BE5/Prefabs/Coin Bronze.prefab
  artifactKey: Guid(eff93d3a6c14e3648a925ff48d25d216) Importer(2089858483,0ecaa5967403d082aa24f35e1b516d23)
Start importing Assets/QuarterView 3D Action BE5/Prefabs/Coin Bronze.prefab using Guid(eff93d3a6c14e3648a925ff48d25d216) Importer(2089858483,0ecaa5967403d082aa24f35e1b516d23) Generated GUIDs only implemented for interfaces!
 -> (artifact id: '2cced4040469d0d203366fb7990f4638') in 0.037654 seconds
Number of updated asset objects reloaded before import = 0
Number of asset objects unloaded after import = 9
========================================================================
Received Import Request.
  Time since last request: 0.000021 seconds.
  path: Assets/Scenes/SampleScene/ReflectionProbe-0.exr
  artifactKey: Guid(bd7e2c0b46c7896468124f9b45f3b7d6) Importer(2089858483,0ecaa5967403d082aa24f35e1b516d23)
Start importing Assets/Scenes/SampleScene/ReflectionProbe-0.exr using Guid(bd7e2c0b46c7896468124f9b45f3b7d6) Importer(2089858483,0ecaa5967403d082aa24f35e1b516d23) Generated GUIDs only implemented for interfaces!
 -> (artifact id: '4be0b83ff39653251c5bdac8096897c2') in 0.044704 seconds
Number of updated asset objects reloaded before import = 0
Number of asset objects unloaded after import = 1
========================================================================
Received Import Request.
  Time since last request: 0.000022 seconds.
  path: Assets/QuarterView 3D Action BE5/Demo/Demo/ReflectionProbe-0.exr
  artifactKey: Guid(adfd99a973f4d4f4abff39d5d79b061a) Importer(2089858483,0ecaa5967403d082aa24f35e1b516d23)
Start importing Assets/QuarterView 3D Action BE5/Demo/Demo/ReflectionProbe-0.exr using Guid(adfd99a973f4d4f4abff39d5d79b061a) Importer(2089858483,0ecaa5967403d082aa24f35e1b516d23) Generated GUIDs only implemented for interfaces!
 -> (artifact id: 'cf225bee0e900c47a17183c9c35501f0') in 0.047512 seconds
Number of updated asset objects reloaded before import = 0
Number of asset objects unloaded after import = 1
========================================================================
Received Import Request.
  Time since last request: 0.000029 seconds.
  path: Assets/QuarterView 3D Action BE5/Models/Item Handgun.obj
  artifactKey: Guid(7d65416a0aa9b164c8b8ad5e8699ddc0) Importer(2089858483,0ecaa5967403d082aa24f35e1b516d23)
Start importing Assets/QuarterView 3D Action BE5/Models/Item Handgun.obj using Guid(7d65416a0aa9b164c8b8ad5e8699ddc0) Importer(2089858483,0ecaa5967403d082aa24f35e1b516d23) Generated GUIDs only implemented for interfaces!
 -> (artifact id: 'baf1ef4648571340ae1ad9e658697770') in 0.037137 seconds
Number of updated asset objects reloaded before import = 0
Number of asset objects unloaded after import = 10
========================================================================
Received Import Request.
  Time since last request: 0.000020 seconds.
  path: Assets/QuarterView 3D Action BE5/Sprites/Icon Boss.png
  artifactKey: Guid(08df90f463ef0d34dbb1c49eef665daf) Importer(2089858483,0ecaa5967403d082aa24f35e1b516d23)
Start importing Assets/QuarterView 3D Action BE5/Sprites/Icon Boss.png using Guid(08df90f463ef0d34dbb1c49eef665daf) Importer(2089858483,0ecaa5967403d082aa24f35e1b516d23) Generated GUIDs only implemented for interfaces!
 -> (artifact id: 'e53572e7eb8780400a2126ae5befa0f6') in 0.053312 seconds
Number of updated asset objects reloaded before import = 0
Number of asset objects unloaded after import = 3
========================================================================
Received Import Request.
  Time since last request: 0.000027 seconds.
  path: Assets/QuarterView 3D Action BE5/Textures/Bullet Case.png
  artifactKey: Guid(0cc401fda21a95849bb017f17d80bda4) Importer(2089858483,0ecaa5967403d082aa24f35e1b516d23)
Start importing Assets/QuarterView 3D Action BE5/Textures/Bullet Case.png using Guid(0cc401fda21a95849bb017f17d80bda4) Importer(2089858483,0ecaa5967403d082aa24f35e1b516d23) Generated GUIDs only implemented for interfaces!
 -> (artifact id: 'cc990b489c1c1f16c11cb78bf248bde3') in 0.059202 seconds
Number of updated asset objects reloaded before import = 0
Number of asset objects unloaded after import = 1
========================================================================
Received Import Request.
  Time since last request: 0.000097 seconds.
  path: Assets/QuarterView 3D Action BE5/Demo/Demo/Ac EnemyB.overrideController
  artifactKey: Guid(8c09e8cbeb811b443905cb02b2ec8238) Importer(2089858483,0ecaa5967403d082aa24f35e1b516d23)
Start importing Assets/QuarterView 3D Action BE5/Demo/Demo/Ac EnemyB.overrideController using Guid(8c09e8cbeb811b443905cb02b2ec8238) Importer(2089858483,0ecaa5967403d082aa24f35e1b516d23) Generated GUIDs only implemented for interfaces!
 -> (artifact id: '7fe21966c08689380c28a35a039766b8') in 0.030571 seconds
Number of updated asset objects reloaded before import = 0
Number of asset objects unloaded after import = 6
========================================================================
Received Import Request.
  Time since last request: 0.000020 seconds.
  path: Assets/QuarterView 3D Action BE5/Demo/Demo/Ac Player.controller
  artifactKey: Guid(f98c2a62bf9133448ba3607bcdffadb6) Importer(2089858483,0ecaa5967403d082aa24f35e1b516d23)
Start importing Assets/QuarterView 3D Action BE5/Demo/Demo/Ac Player.controller using Guid(f98c2a62bf9133448ba3607bcdffadb6) Importer(2089858483,0ecaa5967403d082aa24f35e1b516d23) Generated GUIDs only implemented for interfaces!
 -> (artifact id: '7cff4aee9a7e34481e56ec1cf7254889') in 0.031366 seconds
Number of updated asset objects reloaded before import = 0
Number of asset objects unloaded after import = 4
========================================================================
Received Import Request.
  Time since last request: 0.000019 seconds.
  path: Assets/QuarterView 3D Action BE5/Models/Simple Npc Luna.fbx
  artifactKey: Guid(c9d6a52c9d828034db1b1c34045bc976) Importer(2089858483,0ecaa5967403d082aa24f35e1b516d23)
Start importing Assets/QuarterView 3D Action BE5/Models/Simple Npc Luna.fbx using Guid(c9d6a52c9d828034db1b1c34045bc976) Importer(2089858483,0ecaa5967403d082aa24f35e1b516d23) Generated GUIDs only implemented for interfaces!
 -> (artifact id: 'beb1a3ea45591ebdab48677480ff8808') in 0.046560 seconds
Number of updated asset objects reloaded before import = 0
Number of asset objects unloaded after import = 70
========================================================================
Received Import Request.
  Time since last request: 0.000063 seconds.
  path: Assets/QuarterView 3D Action BE5/Prefabs/Enemy A.prefab
  artifactKey: Guid(464cc7c4f7ea10b47a36d7848aa9ca9a) Importer(2089858483,0ecaa5967403d082aa24f35e1b516d23)
Start importing Assets/QuarterView 3D Action BE5/Prefabs/Enemy A.prefab using Guid(464cc7c4f7ea10b47a36d7848aa9ca9a) Importer(2089858483,0ecaa5967403d082aa24f35e1b516d23) Generated GUIDs only implemented for interfaces!
 -> (artifact id: '67773263dddfc798194974c5b6fd1253') in 0.028365 seconds
Number of updated asset objects reloaded before import = 0
Number of asset objects unloaded after import = 37
========================================================================
Received Import Request.
  Time since last request: 0.000023 seconds.
  path: Assets/QuarterView 3D Action BE5/Sprites/Icon Enemy B.png
  artifactKey: Guid(364eccac494de714d84a43b20fc715d2) Importer(2089858483,0ecaa5967403d082aa24f35e1b516d23)
Start importing Assets/QuarterView 3D Action BE5/Sprites/Icon Enemy B.png using Guid(364eccac494de714d84a43b20fc715d2) Importer(2089858483,0ecaa5967403d082aa24f35e1b516d23) Generated GUIDs only implemented for interfaces!
 -> (artifact id: 'b52357f4ecdf8484f0ec2586d854af44') in 0.042320 seconds
Number of updated asset objects reloaded before import = 0
Number of asset objects unloaded after import = 3
========================================================================
Received Import Request.
  Time since last request: 0.000020 seconds.
  path: Assets/QuarterView 3D Action BE5/Textures/Coin Silver.png
  artifactKey: Guid(4d326d723433e364a84a0db839113fe3) Importer(2089858483,0ecaa5967403d082aa24f35e1b516d23)
Start importing Assets/QuarterView 3D Action BE5/Textures/Coin Silver.png using Guid(4d326d723433e364a84a0db839113fe3) Importer(2089858483,0ecaa5967403d082aa24f35e1b516d23) Generated GUIDs only implemented for interfaces!
 -> (artifact id: 'af8c0a62941bd6ca79af7cfa31fe8f70') in 0.041222 seconds
Number of updated asset objects reloaded before import = 0
Number of asset objects unloaded after import = 1
========================================================================
Received Import Request.
  Time since last request: 0.000025 seconds.
  path: Assets/QuarterView 3D Action BE5/Materials/Weapon Grenade.mat
  artifactKey: Guid(e3a61e3a9dd7bca4aade965978ad038e) Importer(2089858483,0ecaa5967403d082aa24f35e1b516d23)
Start importing Assets/QuarterView 3D Action BE5/Materials/Weapon Grenade.mat using Guid(e3a61e3a9dd7bca4aade965978ad038e) Importer(2089858483,0ecaa5967403d082aa24f35e1b516d23) Generated GUIDs only implemented for interfaces!
 -> (artifact id: '8b3643b731687c88fcde3c4377bb04b4') in 0.033568 seconds
Number of updated asset objects reloaded before import = 0
Number of asset objects unloaded after import = 2
========================================================================
Received Import Request.
  Time since last request: 0.000017 seconds.
  path: Assets/QuarterView 3D Action BE5/Textures/Item Heart.png
  artifactKey: Guid(16275289ba2d55a43a644d78223fb657) Importer(2089858483,0ecaa5967403d082aa24f35e1b516d23)
Start importing Assets/QuarterView 3D Action BE5/Textures/Item Heart.png using Guid(16275289ba2d55a43a644d78223fb657) Importer(2089858483,0ecaa5967403d082aa24f35e1b516d23) Generated GUIDs only implemented for interfaces!
 -> (artifact id: 'bebafa8b86f6838da8ca1c8634009bbf') in 0.039974 seconds
Number of updated asset objects reloaded before import = 0
Number of asset objects unloaded after import = 1
========================================================================
Received Import Request.
  Time since last request: 0.000022 seconds.
  path: Assets/QuarterView 3D Action BE5/Materials/Enemy A.mat
  artifactKey: Guid(0d17d5c2eb217944499e9ec56d818e63) Importer(2089858483,0ecaa5967403d082aa24f35e1b516d23)
Start importing Assets/QuarterView 3D Action BE5/Materials/Enemy A.mat using Guid(0d17d5c2eb217944499e9ec56d818e63) Importer(2089858483,0ecaa5967403d082aa24f35e1b516d23) Generated GUIDs only implemented for interfaces!
 -> (artifact id: '079bbab40ac7e3d63aa492ee85b23eec') in 0.027209 seconds
Number of updated asset objects reloaded before import = 0
Number of asset objects unloaded after import = 2
========================================================================
Received Import Request.
  Time since last request: 0.000019 seconds.
  path: Assets/QuarterView 3D Action BE5/Prefabs/Weapon SubMachineGun.prefab
  artifactKey: Guid(203326381d9b54d489646c6c2f61f53a) Importer(2089858483,0ecaa5967403d082aa24f35e1b516d23)
Start importing Assets/QuarterView 3D Action BE5/Prefabs/Weapon SubMachineGun.prefab using Guid(203326381d9b54d489646c6c2f61f53a) Importer(2089858483,0ecaa5967403d082aa24f35e1b516d23) Generated GUIDs only implemented for interfaces!
 -> (artifact id: '7f0488f0ed2c9f06ca7eb60d29ceef5c') in 0.029654 seconds
Number of updated asset objects reloaded before import = 0
Number of asset objects unloaded after import = 9
========================================================================
Received Import Request.
  Time since last request: 0.000100 seconds.
  path: Assets/QuarterView 3D Action BE5/Sprites/Icon Close.png
  artifactKey: Guid(1baaa93f3ec48804397f21b2614604d4) Importer(2089858483,0ecaa5967403d082aa24f35e1b516d23)
Start importing Assets/QuarterView 3D Action BE5/Sprites/Icon Close.png using Guid(1baaa93f3ec48804397f21b2614604d4) Importer(2089858483,0ecaa5967403d082aa24f35e1b516d23) Generated GUIDs only implemented for interfaces!
 -> (artifact id: '57c3d642a8bed86bc5a89e1fc1a2abe4') in 0.049180 seconds
Number of updated asset objects reloaded before import = 0
Number of asset objects unloaded after import = 3
========================================================================
Received Import Request.
  Time since last request: 0.000026 seconds.
  path: Assets/QuarterView 3D Action BE5/Sprites/Icon Weapon Hammer.png
  artifactKey: Guid(1c436558df0caa04eb65bf6f8d065918) Importer(2089858483,0ecaa5967403d082aa24f35e1b516d23)
Start importing Assets/QuarterView 3D Action BE5/Sprites/Icon Weapon Hammer.png using Guid(1c436558df0caa04eb65bf6f8d065918) Importer(2089858483,0ecaa5967403d082aa24f35e1b516d23) Generated GUIDs only implemented for interfaces!
 -> (artifact id: '13cd7dd1e47ad921cfccc824d42a8598') in 0.045194 seconds
Number of updated asset objects reloaded before import = 0
Number of asset objects unloaded after import = 3
========================================================================
Received Import Request.
  Time since last request: 0.000350 seconds.
  path: Assets/QuarterView 3D Action BE5/Sprites/Icon NumR.png
  artifactKey: Guid(42333eca44e9f5c4f945a0f2f5d4f9f0) Importer(2089858483,0ecaa5967403d082aa24f35e1b516d23)
Start importing Assets/QuarterView 3D Action BE5/Sprites/Icon NumR.png using Guid(42333eca44e9f5c4f945a0f2f5d4f9f0) Importer(2089858483,0ecaa5967403d082aa24f35e1b516d23) Generated GUIDs only implemented for interfaces!
 -> (artifact id: 'f296fbb35efc79c97a0973732c2b9ce9') in 0.051020 seconds
Number of updated asset objects reloaded before import = 0
Number of asset objects unloaded after import = 3
========================================================================
Received Import Request.
  Time since last request: 0.000022 seconds.
  path: Assets/QuarterView 3D Action BE5/Materials/Item Heart 1.mat
  artifactKey: Guid(9cefbf0299db19c4fada13b31759cbff) Importer(2089858483,0ecaa5967403d082aa24f35e1b516d23)
Start importing Assets/QuarterView 3D Action BE5/Materials/Item Heart 1.mat using Guid(9cefbf0299db19c4fada13b31759cbff) Importer(2089858483,0ecaa5967403d082aa24f35e1b516d23) Generated GUIDs only implemented for interfaces!
 -> (artifact id: '635de1782583c82b42ab361a0ae87095') in 0.034073 seconds
Number of updated asset objects reloaded before import = 0
Number of asset objects unloaded after import = 2
========================================================================
Received Import Request.
  Time since last request: 0.000034 seconds.
  path: Assets/QuarterView 3D Action BE5/Demo/Demo.unity
  artifactKey: Guid(53d9a0a0e6815d94dbce121d1a39cb61) Importer(2089858483,0ecaa5967403d082aa24f35e1b516d23)
Start importing Assets/QuarterView 3D Action BE5/Demo/Demo.unity using Guid(53d9a0a0e6815d94dbce121d1a39cb61) Importer(2089858483,0ecaa5967403d082aa24f35e1b516d23) Generated GUIDs only implemented for interfaces!
 -> (artifact id: '0ecc332ff980b208b8377fc5cd6e3146') in 0.015298 seconds
Number of updated asset objects reloaded before import = 0
Number of asset objects unloaded after import = 1
========================================================================
Received Import Request.
  Time since last request: 0.000027 seconds.
  path: Assets/Scripts/Player.cs
  artifactKey: Guid(ed8d32868f4914a4394d6785c1546fad) Importer(2089858483,0ecaa5967403d082aa24f35e1b516d23)
Start importing Assets/Scripts/Player.cs using Guid(ed8d32868f4914a4394d6785c1546fad) Importer(2089858483,0ecaa5967403d082aa24f35e1b516d23) Generated GUIDs only implemented for interfaces!
 -> (artifact id: '507290457b78cff534dba6a510474ae9') in 0.017602 seconds
Number of updated asset objects reloaded before import = 0
Number of asset objects unloaded after import = 1
========================================================================
Received Import Request.
  Time since last request: 0.000082 seconds.
  path: Assets/QuarterView 3D Action BE5/Models/Item Hammer.obj
  artifactKey: Guid(c004007a28c1f534e859da99f6c890fb) Importer(2089858483,0ecaa5967403d082aa24f35e1b516d23)
Start importing Assets/QuarterView 3D Action BE5/Models/Item Hammer.obj using Guid(c004007a28c1f534e859da99f6c890fb) Importer(2089858483,0ecaa5967403d082aa24f35e1b516d23) Generated GUIDs only implemented for interfaces!
 -> (artifact id: 'f42122a568a6f1365365717d928fa41d') in 0.030623 seconds
Number of updated asset objects reloaded before import = 0
Number of asset objects unloaded after import = 10
========================================================================
Received Import Request.
  Time since last request: 0.000046 seconds.
  path: Assets/QuarterView 3D Action BE5/Models/Simple Enemy D.fbx
  artifactKey: Guid(a43df65176acc724e8d74ed0d0e8986a) Importer(2089858483,0ecaa5967403d082aa24f35e1b516d23)
Start importing Assets/QuarterView 3D Action BE5/Models/Simple Enemy D.fbx using Guid(a43df65176acc724e8d74ed0d0e8986a) Importer(2089858483,0ecaa5967403d082aa24f35e1b516d23) Generated GUIDs only implemented for interfaces!
 -> (artifact id: '8f014b690726c4a38a6183454e4b1d80') in 0.052839 seconds
Number of updated asset objects reloaded before import = 0
Number of asset objects unloaded after import = 50
========================================================================
Received Import Request.
  Time since last request: 265.479905 seconds.
  path: Assets/Animation/New Animator Controller.controller
  artifactKey: Guid(d98eb77450a55234389ec699a22c8dce) Importer(815301076,1909f56bfc062723c751e8b465ee728b)
Start importing Assets/Animation/New Animator Controller.controller using Guid(d98eb77450a55234389ec699a22c8dce) Importer(815301076,1909f56bfc062723c751e8b465ee728b)  -> (artifact id: 'ae25db0bc593eef149ccba28d0c3d056') in 0.007828 seconds
Number of updated asset objects reloaded before import = 0
Number of asset objects unloaded after import = 1
========================================================================
Received Import Request.
  Time since last request: 0.992749 seconds.
  path: Assets/Animation/New Animator Controller.controller
  artifactKey: Guid(d98eb77450a55234389ec699a22c8dce) Importer(2089858483,0ecaa5967403d082aa24f35e1b516d23)
Start importing Assets/Animation/New Animator Controller.controller using Guid(d98eb77450a55234389ec699a22c8dce) Importer(2089858483,0ecaa5967403d082aa24f35e1b516d23) Generated GUIDs only implemented for interfaces!
 -> (artifact id: '9002bd1e21eac0770b9042576ed78e4b') in 0.014362 seconds
Number of updated asset objects reloaded before import = 0
Number of asset objects unloaded after import = 1
========================================================================
Received Import Request.
  Time since last request: 2.917514 seconds.
  path: Assets/Animation/Animation.controller
  artifactKey: Guid(d98eb77450a55234389ec699a22c8dce) Importer(815301076,1909f56bfc062723c751e8b465ee728b)
Start importing Assets/Animation/Animation.controller using Guid(d98eb77450a55234389ec699a22c8dce) Importer(815301076,1909f56bfc062723c751e8b465ee728b)  -> (artifact id: '3391d6a32adab700d2c5b086057557b3') in 0.001271 seconds
Number of updated asset objects reloaded before import = 0
Number of asset objects unloaded after import = 2
========================================================================
Received Import Request.
  Time since last request: 1.034877 seconds.
  path: Assets/Animation/Animation.controller
  artifactKey: Guid(d98eb77450a55234389ec699a22c8dce) Importer(2089858483,0ecaa5967403d082aa24f35e1b516d23)
Start importing Assets/Animation/Animation.controller using Guid(d98eb77450a55234389ec699a22c8dce) Importer(2089858483,0ecaa5967403d082aa24f35e1b516d23) Generated GUIDs only implemented for interfaces!
 -> (artifact id: 'e84d2b7f576ad46e57686ab9b5c4be63') in 0.015376 seconds
Number of updated asset objects reloaded before import = 0
Number of asset objects unloaded after import = 2
========================================================================
Received Import Request.
  Time since last request: 38.546263 seconds.
  path: Assets/QuarterView 3D Action BE5/Demo/Demo/Ac EnemyA.overrideController
  artifactKey: Guid(7b3b034a6e099a642990097e756d2555) Importer(815301076,1909f56bfc062723c751e8b465ee728b)
Start importing Assets/QuarterView 3D Action BE5/Demo/Demo/Ac EnemyA.overrideController using Guid(7b3b034a6e099a642990097e756d2555) Importer(815301076,1909f56bfc062723c751e8b465ee728b)  -> (artifact id: '1c62daa5b54357390ecd5b8996ae5e01') in 0.004444 seconds
Number of updated asset objects reloaded before import = 0
Number of asset objects unloaded after import = 6
========================================================================
Received Import Request.
  Time since last request: 0.000023 seconds.
  path: Assets/QuarterView 3D Action BE5/Demo/Demo/Ac EnemyC.overrideController
  artifactKey: Guid(91e804a69142e3e4782132955f2b6846) Importer(815301076,1909f56bfc062723c751e8b465ee728b)
Start importing Assets/QuarterView 3D Action BE5/Demo/Demo/Ac EnemyC.overrideController using Guid(91e804a69142e3e4782132955f2b6846) Importer(815301076,1909f56bfc062723c751e8b465ee728b)  -> (artifact id: '294fe31ae63ab7504d30c116d7322f46') in 0.003905 seconds
Number of updated asset objects reloaded before import = 0
Number of asset objects unloaded after import = 6
========================================================================
Received Import Request.
  Time since last request: 0.016553 seconds.
  path: Assets/QuarterView 3D Action BE5/Demo/Demo/Ac Luna.overrideController
  artifactKey: Guid(0c1be902f058be04dbb1732da08d51f2) Importer(815301076,1909f56bfc062723c751e8b465ee728b)
Start importing Assets/QuarterView 3D Action BE5/Demo/Demo/Ac Luna.overrideController using Guid(0c1be902f058be04dbb1732da08d51f2) Importer(815301076,1909f56bfc062723c751e8b465ee728b)  -> (artifact id: '1e6b68ce8a275116608d082084296c89') in 0.005678 seconds
Number of updated asset objects reloaded before import = 0
Number of asset objects unloaded after import = 6
========================================================================
Received Import Request.
  Time since last request: 0.000037 seconds.
  path: Assets/QuarterView 3D Action BE5/Demo/Demo/Ac Ludo.overrideController
  artifactKey: Guid(e5ac3212b225d4f43a698aa45185735d) Importer(815301076,1909f56bfc062723c751e8b465ee728b)
Start importing Assets/QuarterView 3D Action BE5/Demo/Demo/Ac Ludo.overrideController using Guid(e5ac3212b225d4f43a698aa45185735d) Importer(815301076,1909f56bfc062723c751e8b465ee728b)  -> (artifact id: 'd296abe98ba59b4fc77dc49e01dfe74f') in 0.005030 seconds
Number of updated asset objects reloaded before import = 0
Number of asset objects unloaded after import = 6
========================================================================
Received Import Request.
  Time since last request: 8.207597 seconds.
  path: Assets/Animation/Player.controller
  artifactKey: Guid(d98eb77450a55234389ec699a22c8dce) Importer(815301076,1909f56bfc062723c751e8b465ee728b)
Start importing Assets/Animation/Player.controller using Guid(d98eb77450a55234389ec699a22c8dce) Importer(815301076,1909f56bfc062723c751e8b465ee728b)  -> (artifact id: '9d8c301988546973a7b54ecf922b5612') in 0.001239 seconds
Number of updated asset objects reloaded before import = 0
Number of asset objects unloaded after import = 2
========================================================================
Received Import Request.
  Time since last request: 0.975871 seconds.
  path: Assets/Animation/Player.controller
  artifactKey: Guid(d98eb77450a55234389ec699a22c8dce) Importer(2089858483,0ecaa5967403d082aa24f35e1b516d23)
Start importing Assets/Animation/Player.controller using Guid(d98eb77450a55234389ec699a22c8dce) Importer(2089858483,0ecaa5967403d082aa24f35e1b516d23) Generated GUIDs only implemented for interfaces!
 -> (artifact id: '47ba83ee1da645e56601395d47285f43') in 0.010710 seconds
Number of updated asset objects reloaded before import = 0
Number of asset objects unloaded after import = 2
========================================================================
Received Import Request.
  Time since last request: 30.321919 seconds.
  path: Assets/QuarterView 3D Action BE5/Models
  artifactKey: Guid(d7209273a7480ad4f95a1fa251e44664) Importer(815301076,1909f56bfc062723c751e8b465ee728b)
Start importing Assets/QuarterView 3D Action BE5/Models using Guid(d7209273a7480ad4f95a1fa251e44664) Importer(815301076,1909f56bfc062723c751e8b465ee728b)  -> (artifact id: '6f9af60fdc97b2a769d3ac48148f51a0') in 0.000717 seconds
Number of updated asset objects reloaded before import = 0
Number of asset objects unloaded after import = 0
========================================================================
Received Import Request.
  Time since last request: 0.066041 seconds.
  path: Assets/QuarterView 3D Action BE5/Models/Boss Rock.obj
  artifactKey: Guid(0d22a1c55ff42614eb30ef07a31f71ec) Importer(815301076,1909f56bfc062723c751e8b465ee728b)
Start importing Assets/QuarterView 3D Action BE5/Models/Boss Rock.obj using Guid(0d22a1c55ff42614eb30ef07a31f71ec) Importer(815301076,1909f56bfc062723c751e8b465ee728b)  -> (artifact id: 'be3f2f141e8b447b6368062cb4a8a661') in 0.205116 seconds
Number of updated asset objects reloaded before import = 0
Number of asset objects unloaded after import = 10
========================================================================
Received Import Request.
  Time since last request: 0.000024 seconds.
  path: Assets/QuarterView 3D Action BE5/Models/Item Grenade.obj
  artifactKey: Guid(16868d4a2ac5ce14591ac8b396599250) Importer(815301076,1909f56bfc062723c751e8b465ee728b)
Start importing Assets/QuarterView 3D Action BE5/Models/Item Grenade.obj using Guid(16868d4a2ac5ce14591ac8b396599250) Importer(815301076,1909f56bfc062723c751e8b465ee728b)  -> (artifact id: '5099ef42e0d6c5430aa7a5b8d72b23d9') in 0.035144 seconds
Number of updated asset objects reloaded before import = 0
Number of asset objects unloaded after import = 10
========================================================================
Received Import Request.
  Time since last request: 0.000023 seconds.
  path: Assets/QuarterView 3D Action BE5/Models/Simple Player.fbx
  artifactKey: Guid(cae3f9537776dea41855a724b56dd2c9) Importer(815301076,1909f56bfc062723c751e8b465ee728b)
Start importing Assets/QuarterView 3D Action BE5/Models/Simple Player.fbx using Guid(cae3f9537776dea41855a724b56dd2c9) Importer(815301076,1909f56bfc062723c751e8b465ee728b)  -> (artifact id: '1d8a0913347368c28c4931853d0b690a') in 0.072767 seconds
Number of updated asset objects reloaded before import = 0
Number of asset objects unloaded after import = 79
========================================================================
Received Import Request.
  Time since last request: 0.000027 seconds.
  path: Assets/QuarterView 3D Action BE5/Models/Item Handgun.obj
  artifactKey: Guid(7d65416a0aa9b164c8b8ad5e8699ddc0) Importer(815301076,1909f56bfc062723c751e8b465ee728b)
Start importing Assets/QuarterView 3D Action BE5/Models/Item Handgun.obj using Guid(7d65416a0aa9b164c8b8ad5e8699ddc0) Importer(815301076,1909f56bfc062723c751e8b465ee728b)  -> (artifact id: 'ab04a44529ba1a5bce3c80e2dc060a7e') in 0.034977 seconds
Number of updated asset objects reloaded before import = 0
Number of asset objects unloaded after import = 10
========================================================================
Received Import Request.
  Time since last request: 0.000038 seconds.
  path: Assets/QuarterView 3D Action BE5/Models/Simple Enemy A AnimTest.fbx
  artifactKey: Guid(98a47f1cd28823f4b8ab7f52d3d506fb) Importer(815301076,1909f56bfc062723c751e8b465ee728b)
Start importing Assets/QuarterView 3D Action BE5/Models/Simple Enemy A AnimTest.fbx using Guid(98a47f1cd28823f4b8ab7f52d3d506fb) Importer(815301076,1909f56bfc062723c751e8b465ee728b)  -> (artifact id: '3689247aca4f1e3fdc55d0cc8dba6da5') in 0.054950 seconds
Number of updated asset objects reloaded before import = 0
Number of asset objects unloaded after import = 40
Editor requested this worker to shutdown with reason: Scaling down because of idle timeout
TcpMessagingSession - receive error: operation aborted. errorcode: 995, details:        I/O  .
AssetImportWorker is now disconnected from the server
Process exiting
Exiting without the bug reporter. Application will terminate with return code 0